<?xml version="1.0" encoding="utf-8"?>
<test-run id="0" testcasecount="1" result="Passed" total="1" passed="1" failed="0" inconclusive="0" skipped="0" asserts="1" portable-engine-version="3.3.0.0" start-time="2016-06-18 19:01:52Z" end-time="2016-06-18 19:01:53Z" duration="0.344857">
  <test-suite type="Assembly" id="1003" name="objects, Version=1.0.0.0, Culture=neutral, PublicKeyToken=null" fullname="objects, Version=1.0.0.0, Culture=neutral, PublicKeyToken=null" runstate="Runnable" testcasecount="1" result="Passed" start-time="2016-06-18 19:01:53Z" end-time="2016-06-18 19:01:53Z" duration="0.081244" total="1" passed="1" failed="0" inconclusive="0" skipped="0" asserts="1">
    <settings>
      <setting name="WorkDirectory" value="/Users/jgumbley/wip/stockport/AleisterCrowley/objects" />
    </settings>
    <test-suite type="TestSuite" id="1004" name="ConsoleApplication" fullname="ConsoleApplication" runstate="Runnable" testcasecount="1" result="Passed" start-time="2016-06-18 19:01:53Z" end-time="2016-06-18 19:01:53Z" duration="0.073588" total="1" passed="1" failed="0" inconclusive="0" skipped="0" asserts="1">
      <test-suite type="TestSuite" id="1005" name="Test" fullname="ConsoleApplication.Test" runstate="Runnable" testcasecount="1" result="Passed" start-time="2016-06-18 19:01:53Z" end-time="2016-06-18 19:01:53Z" duration="0.073181" total="1" passed="1" failed="0" inconclusive="0" skipped="0" asserts="1">
        <test-suite type="TestFixture" id="1000" name="ExcludedMiddleTests" fullname="ConsoleApplication.Test.ExcludedMiddleTests" classname="ConsoleApplication.Test.ExcludedMiddleTests" runstate="Runnable" testcasecount="1" result="Passed" start-time="2016-06-18 19:01:53Z" end-time="2016-06-18 19:01:53Z" duration="0.071074" total="1" passed="1" failed="0" inconclusive="0" skipped="0" asserts="1">
          <test-suite type="ParameterizedMethod" id="1002" name="CanShowEquality" fullname="ConsoleApplication.Test.ExcludedMiddleTests.CanShowEquality" runstate="Runnable" testcasecount="1" result="Passed" start-time="2016-06-18 19:01:53Z" end-time="2016-06-18 19:01:53Z" duration="0.067178" total="1" passed="1" failed="0" inconclusive="0" skipped="0" asserts="1">
            <test-case id="1001" name="CanShowEquality(True)" fullname="ConsoleApplication.Test.ExcludedMiddleTests.CanShowEquality(True)" methodname="CanShowEquality" classname="ConsoleApplication.Test.ExcludedMiddleTests" runstate="Runnable" seed="1396928079" result="Passed" start-time="2016-06-18 19:01:53Z" end-time="2016-06-18 19:01:53Z" duration="0.018367" asserts="1" />
          </test-suite>
        </test-suite>
      </test-suite>
    </test-suite>
  </test-suite>
</test-run>